1698442022094:addStudent pupkin vasya 22
1698442294850:addStudent John Doe 25
1698442782674:addStudent vasya pupkin 18
1698442805247:add vasya pupkin 22
1698442896351:add
1698442905345:add vasya pupa 25
1698442921055:addStudent vasya pupa 22
1698443054319:addStudent Smith John 25
1698443283535:addStudent John Doe 25
1698443392700:add-student John Doe 25
1698443410686:add-student vasya pupkin 22
1698572656403:student-add vaysa pupkin 22
1698572668719:students-print
1698572929184:student-add kolya kamushkin 33
1698572939060:students-print
1698573089841:print
1698573094779:add
1698573102786:add vasya pupkin 33
1698573105758:print
1698573109056:v
1698573517297:add vasya pupkin 22
1698573522941:add kolya piskin 33
1698573526169:print
1698573537817:del 37b71933-ff0b-4c18-9853-f6cdb24be659
1698573540856:print
1698573577805:del kolya
1698573593918:del 37b71933-ff0b-4c18-9853-f6cdb24be659
1698573761397:clear
1698573765634:add vasya pupkin 33
1698573766971:clear
1698573769763:print
1698573782348:clear
1698573873069:add vasya pupkin 22
1698573875981:print
1698573880821:clear
1698573905094:print
1698574055702:clear
1698574120296:delete
1698574140208:clear
1698574168408:clean
1698574233322:add vasya pupkin 22
1698574238782:print
1698574240874:clean
1698574242914:print
1698581324869:add vasya pupkin 21
1698581355599:add vasya pipkin 12
1698581368835:del 37b490f-4ade-44ad-89e2-57ff4948253c
1698581389053:add vasya pupkin 123
1698581401541:del a858c54e-c8bd-413d-8fbd-19ccff94697b
1698586005476:print
1698586161946:add kolya kamushkin 23
1698586164265:print
1698586167005:clean
1698586169759:print
1698586579720:abra
1698586605365:print
